<?xml version="1.0" encoding="UTF-8"?>
<!-- Generated by org.testng.reporters.JUnitReportReporter -->
<testsuite skipped="0" hostname="Mosuds-MBP.fios-router.home" name="programatically.start_and_stop.appium_server.UsingAppiumDriverLocalService" tests="1" failures="0" timestamp="03 May 2019 06:29:48 GMT" time="0.008" errors="0">
  <testcase name="executeTest" time="0.008" classname="programatically.start_and_stop.appium_server.UsingAppiumDriverLocalService"/>
</testsuite> <!-- programatically.start_and_stop.appium_server.UsingAppiumDriverLocalService -->
